<?xml version="1.0" encoding="UTF-8"?>
<!-- Generated by org.testng.reporters.JUnitReportReporter -->
<testsuite hostname="DESKTOP-JFIIDIB" failures="0" tests="1" name="com.rafaelferreira.test.BookRoomWebTest" time="36.242" errors="0" timestamp="2021-02-24T10:20:55 BRT" skipped="0">
  <testcase classname="com.rafaelferreira.test.BookRoomWebTest" name="addCustomer" time="36.242"/>
  <system-out/>
</testsuite> <!-- com.rafaelferreira.test.BookRoomWebTest -->
