<?xml version="1.0" encoding="UTF-8"?>
<!-- Generated by org.testng.reporters.JUnitReportReporter -->
<testsuite hostname="DESKTOP-JFIIDIB" failures="0" tests="1" name="com.rafaelferreira.test.BookRoomWebTest" time="26.769" errors="0" timestamp="2021-02-24T00:47:28 BRT" skipped="0">
  <testcase classname="com.rafaelferreira.test.BookRoomWebTest" name="Desafio01" time="26.769"/>
  <system-out/>
</testsuite> <!-- com.rafaelferreira.test.BookRoomWebTest -->
